This file contains any messages produced by compilers while
running configure, to aid debugging if configure makes a mistake.

It was created by FreeLing configure 4.0, which was
generated by GNU Autoconf 2.69.  Invocation command line was

  $ ./configure 

## --------- ##
## Platform. ##
## --------- ##

hostname = xavier-VirtualBox
uname -m = x86_64
uname -r = 4.8.0-36-generic
uname -s = Linux
uname -v = #36~16.04.1-Ubuntu SMP Sun Feb 5 09:39:57 UTC 2017

/usr/bin/uname -p = unknown
/bin/uname -X     = unknown

/bin/arch              = unknown
/usr/bin/arch -k       = unknown
/usr/convex/getsysinfo = unknown
/usr/bin/hostinfo      = unknown
/bin/machine           = unknown
/usr/bin/oslevel       = unknown
/bin/universe          = unknown

PATH: /home/xavier/bin
PATH: /home/xavier/.local/bin
PATH: /usr/local/sbin
PATH: /usr/local/bin
PATH: /usr/sbin
PATH: /usr/bin
PATH: /sbin
PATH: /bin
PATH: /usr/games
PATH: /usr/local/games
PATH: /snap/bin


## ----------- ##
## Core tests. ##
## ----------- ##

configure:2542: checking for a BSD-compatible install
configure:2610: result: /usr/bin/install -c
configure:2621: checking whether build environment is sane
configure:2676: result: yes
configure:2827: checking for a thread-safe mkdir -p
configure:2866: result: /bin/mkdir -p
configure:2873: checking for gawk
configure:2903: result: no
configure:2873: checking for mawk
configure:2889: found /usr/bin/mawk
configure:2900: result: mawk
configure:2911: checking whether make sets $(MAKE)
configure:2933: result: yes
configure:2962: checking whether make supports nested variables
configure:2979: result: yes
configure:3112: checking build system type
configure:3126: result: x86_64-unknown-linux-gnu
configure:3146: checking host system type
configure:3159: result: x86_64-unknown-linux-gnu
configure:3467: checking for g++
configure:3483: found /usr/bin/g++
configure:3494: result: g++
configure:3521: checking for C++ compiler version
configure:3530: g++ --version >&5
g++ (Ubuntu 5.4.0-6ubuntu1~16.04.4) 5.4.0 20160609
Copyright (C) 2015 Free Software Foundation, Inc.
This is free software; see the source for copying conditions.  There is NO
warranty; not even for MERCHANTABILITY or FITNESS FOR A PARTICULAR PURPOSE.

configure:3541: $? = 0
configure:3530: g++ -v >&5
Using built-in specs.
COLLECT_GCC=g++
COLLECT_LTO_WRAPPER=/usr/lib/gcc/x86_64-linux-gnu/5/lto-wrapper
Target: x86_64-linux-gnu
Configured with: ../src/configure -v --with-pkgversion='Ubuntu 5.4.0-6ubuntu1~16.04.4' --with-bugurl=file:///usr/share/doc/gcc-5/README.Bugs --enable-languages=c,ada,c++,java,go,d,fortran,objc,obj-c++ --prefix=/usr --program-suffix=-5 --enable-shared --enable-linker-build-id --libexecdir=/usr/lib --without-included-gettext --enable-threads=posix --libdir=/usr/lib --enable-nls --with-sysroot=/ --enable-clocale=gnu --enable-libstdcxx-debug --enable-libstdcxx-time=yes --with-default-libstdcxx-abi=new --enable-gnu-unique-object --disable-vtable-verify --enable-libmpx --enable-plugin --with-system-zlib --disable-browser-plugin --enable-java-awt=gtk --enable-gtk-cairo --with-java-home=/usr/lib/jvm/java-1.5.0-gcj-5-amd64/jre --enable-java-home --with-jvm-root-dir=/usr/lib/jvm/java-1.5.0-gcj-5-amd64 --with-jvm-jar-dir=/usr/lib/jvm-exports/java-1.5.0-gcj-5-amd64 --with-arch-directory=amd64 --with-ecj-jar=/usr/share/java/eclipse-ecj.jar --enable-objc-gc --enable-multiarch --disable-werror --with-arch-32=i686 --with-abi=m64 --with-multilib-list=m32,m64,mx32 --enable-multilib --with-tune=generic --enable-checking=release --build=x86_64-linux-gnu --host=x86_64-linux-gnu --target=x86_64-linux-gnu
Thread model: posix
gcc version 5.4.0 20160609 (Ubuntu 5.4.0-6ubuntu1~16.04.4) 
configure:3541: $? = 0
configure:3530: g++ -V >&5
g++: error: unrecognized command line option '-V'
g++: fatal error: no input files
compilation terminated.
configure:3541: $? = 1
configure:3530: g++ -qversion >&5
g++: error: unrecognized command line option '-qversion'
g++: fatal error: no input files
compilation terminated.
configure:3541: $? = 1
configure:3561: checking whether the C++ compiler works
configure:3583: g++ -std=gnu++0x -Wall -Wno-sign-compare -fPIC   conftest.cpp  >&5
configure:3587: $? = 0
configure:3635: result: yes
configure:3638: checking for C++ compiler default output file name
configure:3640: result: a.out
configure:3646: checking for suffix of executables
configure:3653: g++ -o conftest -std=gnu++0x -Wall -Wno-sign-compare -fPIC   conftest.cpp  >&5
configure:3657: $? = 0
configure:3679: result: 
configure:3701: checking whether we are cross compiling
configure:3709: g++ -o conftest -std=gnu++0x -Wall -Wno-sign-compare -fPIC   conftest.cpp  >&5
configure:3713: $? = 0
configure:3720: ./conftest
configure:3724: $? = 0
configure:3739: result: no
configure:3744: checking for suffix of object files
configure:3766: g++ -c -std=gnu++0x -Wall -Wno-sign-compare -fPIC  conftest.cpp >&5
configure:3770: $? = 0
configure:3791: result: o
configure:3795: checking whether we are using the GNU C++ compiler
configure:3814: g++ -c -std=gnu++0x -Wall -Wno-sign-compare -fPIC  conftest.cpp >&5
configure:3814: $? = 0
configure:3823: result: yes
configure:3832: checking whether g++ accepts -g
configure:3852: g++ -c -g  conftest.cpp >&5
configure:3852: $? = 0
configure:3893: result: yes
configure:3927: checking for style of include used by make
configure:3955: result: GNU
configure:3981: checking dependency style of g++
configure:4092: result: gcc3
configure:4154: checking how to print strings
configure:4181: result: printf
configure:4250: checking for gcc
configure:4266: found /usr/bin/gcc
configure:4277: result: gcc
configure:4506: checking for C compiler version
configure:4515: gcc --version >&5
gcc (Ubuntu 5.4.0-6ubuntu1~16.04.4) 5.4.0 20160609
Copyright (C) 2015 Free Software Foundation, Inc.
This is free software; see the source for copying conditions.  There is NO
warranty; not even for MERCHANTABILITY or FITNESS FOR A PARTICULAR PURPOSE.

configure:4526: $? = 0
configure:4515: gcc -v >&5
Using built-in specs.
COLLECT_GCC=gcc
COLLECT_LTO_WRAPPER=/usr/lib/gcc/x86_64-linux-gnu/5/lto-wrapper
Target: x86_64-linux-gnu
Configured with: ../src/configure -v --with-pkgversion='Ubuntu 5.4.0-6ubuntu1~16.04.4' --with-bugurl=file:///usr/share/doc/gcc-5/README.Bugs --enable-languages=c,ada,c++,java,go,d,fortran,objc,obj-c++ --prefix=/usr --program-suffix=-5 --enable-shared --enable-linker-build-id --libexecdir=/usr/lib --without-included-gettext --enable-threads=posix --libdir=/usr/lib --enable-nls --with-sysroot=/ --enable-clocale=gnu --enable-libstdcxx-debug --enable-libstdcxx-time=yes --with-default-libstdcxx-abi=new --enable-gnu-unique-object --disable-vtable-verify --enable-libmpx --enable-plugin --with-system-zlib --disable-browser-plugin --enable-java-awt=gtk --enable-gtk-cairo --with-java-home=/usr/lib/jvm/java-1.5.0-gcj-5-amd64/jre --enable-java-home --with-jvm-root-dir=/usr/lib/jvm/java-1.5.0-gcj-5-amd64 --with-jvm-jar-dir=/usr/lib/jvm-exports/java-1.5.0-gcj-5-amd64 --with-arch-directory=amd64 --with-ecj-jar=/usr/share/java/eclipse-ecj.jar --enable-objc-gc --enable-multiarch --disable-werror --with-arch-32=i686 --with-abi=m64 --with-multilib-list=m32,m64,mx32 --enable-multilib --with-tune=generic --enable-checking=release --build=x86_64-linux-gnu --host=x86_64-linux-gnu --target=x86_64-linux-gnu
Thread model: posix
gcc version 5.4.0 20160609 (Ubuntu 5.4.0-6ubuntu1~16.04.4) 
configure:4526: $? = 0
configure:4515: gcc -V >&5
gcc: error: unrecognized command line option '-V'
gcc: fatal error: no input files
compilation terminated.
configure:4526: $? = 1
configure:4515: gcc -qversion >&5
gcc: error: unrecognized command line option '-qversion'
gcc: fatal error: no input files
compilation terminated.
configure:4526: $? = 1
configure:4530: checking whether we are using the GNU C compiler
configure:4549: gcc -c -Wall -Wno-sign-compare  conftest.c >&5
configure:4549: $? = 0
configure:4558: result: yes
configure:4567: checking whether gcc accepts -g
configure:4587: gcc -c -g  conftest.c >&5
configure:4587: $? = 0
configure:4628: result: yes
configure:4645: checking for gcc option to accept ISO C89
configure:4708: gcc  -c -Wall -Wno-sign-compare  conftest.c >&5
configure:4708: $? = 0
configure:4721: result: none needed
configure:4746: checking whether gcc understands -c and -o together
configure:4768: gcc -c conftest.c -o conftest2.o
configure:4771: $? = 0
configure:4768: gcc -c conftest.c -o conftest2.o
configure:4771: $? = 0
configure:4783: result: yes
configure:4802: checking dependency style of gcc
configure:4913: result: gcc3
configure:4928: checking for a sed that does not truncate output
configure:4992: result: /bin/sed
configure:5010: checking for grep that handles long lines and -e
configure:5068: result: /bin/grep
configure:5073: checking for egrep
configure:5135: result: /bin/grep -E
configure:5140: checking for fgrep
configure:5202: result: /bin/grep -F
configure:5237: checking for ld used by gcc
configure:5304: result: /usr/bin/ld
configure:5311: checking if the linker (/usr/bin/ld) is GNU ld
configure:5326: result: yes
configure:5338: checking for BSD- or MS-compatible name lister (nm)
configure:5392: result: /usr/bin/nm -B
configure:5522: checking the name lister (/usr/bin/nm -B) interface
configure:5529: gcc -c -Wall -Wno-sign-compare  conftest.c >&5
configure:5532: /usr/bin/nm -B "conftest.o"
configure:5535: output
0000000000000000 B some_variable
configure:5542: result: BSD nm
configure:5545: checking whether ln -s works
configure:5549: result: yes
configure:5557: checking the maximum length of command line arguments
configure:5688: result: 1572864
configure:5736: checking how to convert x86_64-unknown-linux-gnu file names to x86_64-unknown-linux-gnu format
configure:5776: result: func_convert_file_noop
configure:5783: checking how to convert x86_64-unknown-linux-gnu file names to toolchain format
configure:5803: result: func_convert_file_noop
configure:5810: checking for /usr/bin/ld option to reload object files
configure:5817: result: -r
configure:5891: checking for objdump
configure:5907: found /usr/bin/objdump
configure:5918: result: objdump
configure:5950: checking how to recognize dependent libraries
configure:6150: result: pass_all
configure:6235: checking for dlltool
configure:6265: result: no
configure:6295: checking how to associate runtime and link libraries
configure:6322: result: printf %s\n
configure:6383: checking for ar
configure:6399: found /usr/bin/ar
configure:6410: result: ar
configure:6447: checking for archiver @FILE support
configure:6464: gcc -c -Wall -Wno-sign-compare  conftest.c >&5
configure:6464: $? = 0
configure:6467: ar cru libconftest.a @conftest.lst >&5
ar: `u' modifier ignored since `D' is the default (see `U')
configure:6470: $? = 0
configure:6475: ar cru libconftest.a @conftest.lst >&5
ar: `u' modifier ignored since `D' is the default (see `U')
ar: conftest.o: No such file or directory
configure:6478: $? = 1
configure:6490: result: @
configure:6548: checking for strip
configure:6564: found /usr/bin/strip
configure:6575: result: strip
configure:6647: checking for ranlib
configure:6663: found /usr/bin/ranlib
configure:6674: result: ranlib
configure:6776: checking command to parse /usr/bin/nm -B output from gcc object
configure:6929: gcc -c -Wall -Wno-sign-compare  conftest.c >&5
configure:6932: $? = 0
configure:6936: /usr/bin/nm -B conftest.o \| sed -n -e 's/^.*[ ]\([ABCDGIRSTW][ABCDGIRSTW]*\)[ ][ ]*\([_A-Za-z][_A-Za-z0-9]*\)$/\1 \2 \2/p' | sed '/ __gnu_lto/d' \> conftest.nm
configure:6939: $? = 0
configure:7005: gcc -o conftest -Wall -Wno-sign-compare   conftest.c conftstm.o >&5
configure:7008: $? = 0
configure:7046: result: ok
configure:7093: checking for sysroot
configure:7123: result: no
configure:7130: checking for a working dd
configure:7168: result: /bin/dd
configure:7172: checking how to truncate binary pipes
configure:7187: result: /bin/dd bs=4096 count=1
configure:7323: gcc -c -Wall -Wno-sign-compare  conftest.c >&5
configure:7326: $? = 0
configure:7516: checking for mt
configure:7532: found /bin/mt
configure:7543: result: mt
configure:7566: checking if mt is a manifest tool
configure:7572: mt '-?'
configure:7580: result: no
configure:8257: checking how to run the C preprocessor
configure:8288: gcc -E  conftest.c
configure:8288: $? = 0
configure:8302: gcc -E  conftest.c
conftest.c:11:28: fatal error: ac_nonexistent.h: No such file or directory
compilation terminated.
configure:8302: $? = 1
configure: failed program was:
| /* confdefs.h */
| #define PACKAGE_NAME "FreeLing"
| #define PACKAGE_TARNAME "freeling"
| #define PACKAGE_VERSION "4.0"
| #define PACKAGE_STRING "FreeLing 4.0"
| #define PACKAGE_BUGREPORT ""
| #define PACKAGE_URL ""
| #define PACKAGE "freeling"
| #define VERSION "4.0"
| /* end confdefs.h.  */
| #include <ac_nonexistent.h>
configure:8327: result: gcc -E
configure:8347: gcc -E  conftest.c
configure:8347: $? = 0
configure:8361: gcc -E  conftest.c
conftest.c:11:28: fatal error: ac_nonexistent.h: No such file or directory
compilation terminated.
configure:8361: $? = 1
configure: failed program was:
| /* confdefs.h */
| #define PACKAGE_NAME "FreeLing"
| #define PACKAGE_TARNAME "freeling"
| #define PACKAGE_VERSION "4.0"
| #define PACKAGE_STRING "FreeLing 4.0"
| #define PACKAGE_BUGREPORT ""
| #define PACKAGE_URL ""
| #define PACKAGE "freeling"
| #define VERSION "4.0"
| /* end confdefs.h.  */
| #include <ac_nonexistent.h>
configure:8390: checking for ANSI C header files
configure:8410: gcc -c -Wall -Wno-sign-compare  conftest.c >&5
configure:8410: $? = 0
configure:8483: gcc -o conftest -Wall -Wno-sign-compare   conftest.c  >&5
configure:8483: $? = 0
configure:8483: ./conftest
configure:8483: $? = 0
configure:8494: result: yes
configure:8507: checking for sys/types.h
configure:8507: gcc -c -Wall -Wno-sign-compare  conftest.c >&5
configure:8507: $? = 0
configure:8507: result: yes
configure:8507: checking for sys/stat.h
configure:8507: gcc -c -Wall -Wno-sign-compare  conftest.c >&5
configure:8507: $? = 0
configure:8507: result: yes
configure:8507: checking for stdlib.h
configure:8507: gcc -c -Wall -Wno-sign-compare  conftest.c >&5
configure:8507: $? = 0
configure:8507: result: yes
configure:8507: checking for string.h
configure:8507: gcc -c -Wall -Wno-sign-compare  conftest.c >&5
configure:8507: $? = 0
configure:8507: result: yes
configure:8507: checking for memory.h
configure:8507: gcc -c -Wall -Wno-sign-compare  conftest.c >&5
configure:8507: $? = 0
configure:8507: result: yes
configure:8507: checking for strings.h
configure:8507: gcc -c -Wall -Wno-sign-compare  conftest.c >&5
configure:8507: $? = 0
configure:8507: result: yes
configure:8507: checking for inttypes.h
configure:8507: gcc -c -Wall -Wno-sign-compare  conftest.c >&5
configure:8507: $? = 0
configure:8507: result: yes
configure:8507: checking for stdint.h
configure:8507: gcc -c -Wall -Wno-sign-compare  conftest.c >&5
configure:8507: $? = 0
configure:8507: result: yes
configure:8507: checking for unistd.h
configure:8507: gcc -c -Wall -Wno-sign-compare  conftest.c >&5
configure:8507: $? = 0
configure:8507: result: yes
configure:8521: checking for dlfcn.h
configure:8521: gcc -c -Wall -Wno-sign-compare  conftest.c >&5
configure:8521: $? = 0
configure:8521: result: yes
configure:8788: checking for objdir
configure:8803: result: .libs
configure:9067: checking if gcc supports -fno-rtti -fno-exceptions
configure:9085: gcc -c -Wall -Wno-sign-compare  -fno-rtti -fno-exceptions conftest.c >&5
cc1: warning: command line option '-fno-rtti' is valid for C++/ObjC++ but not for C
configure:9089: $? = 0
configure:9102: result: no
configure:9460: checking for gcc option to produce PIC
configure:9467: result: -fPIC -DPIC
configure:9475: checking if gcc PIC flag -fPIC -DPIC works
configure:9493: gcc -c -Wall -Wno-sign-compare  -fPIC -DPIC -DPIC conftest.c >&5
configure:9497: $? = 0
configure:9510: result: yes
configure:9539: checking if gcc static flag -static works
configure:9567: result: yes
configure:9582: checking if gcc supports -c -o file.o
configure:9603: gcc -c -Wall -Wno-sign-compare  -o out/conftest2.o conftest.c >&5
configure:9607: $? = 0
configure:9629: result: yes
configure:9637: checking if gcc supports -c -o file.o
configure:9684: result: yes
configure:9717: checking whether the gcc linker (/usr/bin/ld -m elf_x86_64) supports shared libraries
configure:10976: result: yes
configure:11013: checking whether -lc should be explicitly linked in
configure:11021: gcc -c -Wall -Wno-sign-compare  conftest.c >&5
configure:11024: $? = 0
configure:11039: gcc -shared  -fPIC -DPIC conftest.o  -v -Wl,-soname -Wl,conftest -o conftest 2\>\&1 \| /bin/grep  -lc  \>/dev/null 2\>\&1
configure:11042: $? = 0
configure:11056: result: no
configure:11216: checking dynamic linker characteristics
configure:11797: gcc -o conftest -Wall -Wno-sign-compare   -Wl,-rpath -Wl,/foo conftest.c  >&5
configure:11797: $? = 0
configure:12034: result: GNU/Linux ld.so
configure:12156: checking how to hardcode library paths into programs
configure:12181: result: immediate
configure:12729: checking whether stripping libraries is possible
configure:12734: result: yes
configure:12769: checking if libtool supports shared libraries
configure:12771: result: yes
configure:12774: checking whether to build shared libraries
configure:12799: result: yes
configure:12802: checking whether to build static libraries
configure:12806: result: yes
configure:12829: checking how to run the C++ preprocessor
configure:12856: g++ -E  conftest.cpp
configure:12856: $? = 0
configure:12870: g++ -E  conftest.cpp
conftest.cpp:23:28: fatal error: ac_nonexistent.h: No such file or directory
compilation terminated.
configure:12870: $? = 1
configure: failed program was:
| /* confdefs.h */
| #define PACKAGE_NAME "FreeLing"
| #define PACKAGE_TARNAME "freeling"
| #define PACKAGE_VERSION "4.0"
| #define PACKAGE_STRING "FreeLing 4.0"
| #define PACKAGE_BUGREPORT ""
| #define PACKAGE_URL ""
| #define PACKAGE "freeling"
| #define VERSION "4.0"
| #define STDC_HEADERS 1
| #define HAVE_SYS_TYPES_H 1
| #define HAVE_SYS_STAT_H 1
| #define HAVE_STDLIB_H 1
| #define HAVE_STRING_H 1
| #define HAVE_MEMORY_H 1
| #define HAVE_STRINGS_H 1
| #define HAVE_INTTYPES_H 1
| #define HAVE_STDINT_H 1
| #define HAVE_UNISTD_H 1
| #define HAVE_DLFCN_H 1
| #define LT_OBJDIR ".libs/"
| /* end confdefs.h.  */
| #include <ac_nonexistent.h>
configure:12895: result: g++ -E
configure:12915: g++ -E  conftest.cpp
configure:12915: $? = 0
configure:12929: g++ -E  conftest.cpp
conftest.cpp:23:28: fatal error: ac_nonexistent.h: No such file or directory
compilation terminated.
configure:12929: $? = 1
configure: failed program was:
| /* confdefs.h */
| #define PACKAGE_NAME "FreeLing"
| #define PACKAGE_TARNAME "freeling"
| #define PACKAGE_VERSION "4.0"
| #define PACKAGE_STRING "FreeLing 4.0"
| #define PACKAGE_BUGREPORT ""
| #define PACKAGE_URL ""
| #define PACKAGE "freeling"
| #define VERSION "4.0"
| #define STDC_HEADERS 1
| #define HAVE_SYS_TYPES_H 1
| #define HAVE_SYS_STAT_H 1
| #define HAVE_STDLIB_H 1
| #define HAVE_STRING_H 1
| #define HAVE_MEMORY_H 1
| #define HAVE_STRINGS_H 1
| #define HAVE_INTTYPES_H 1
| #define HAVE_STDINT_H 1
| #define HAVE_UNISTD_H 1
| #define HAVE_DLFCN_H 1
| #define LT_OBJDIR ".libs/"
| /* end confdefs.h.  */
| #include <ac_nonexistent.h>
configure:13091: checking for ld used by g++
configure:13158: result: /usr/bin/ld -m elf_x86_64
configure:13165: checking if the linker (/usr/bin/ld -m elf_x86_64) is GNU ld
configure:13180: result: yes
configure:13235: checking whether the g++ linker (/usr/bin/ld -m elf_x86_64) supports shared libraries
configure:14308: result: yes
configure:14344: g++ -c -std=gnu++0x -Wall -Wno-sign-compare -fPIC  conftest.cpp >&5
configure:14347: $? = 0
configure:14828: checking for g++ option to produce PIC
configure:14835: result: -fPIC -DPIC
configure:14843: checking if g++ PIC flag -fPIC -DPIC works
configure:14861: g++ -c -std=gnu++0x -Wall -Wno-sign-compare -fPIC  -fPIC -DPIC -DPIC conftest.cpp >&5
configure:14865: $? = 0
configure:14878: result: yes
configure:14901: checking if g++ static flag -static works
configure:14929: result: yes
configure:14941: checking if g++ supports -c -o file.o
configure:14962: g++ -c -std=gnu++0x -Wall -Wno-sign-compare -fPIC  -o out/conftest2.o conftest.cpp >&5
configure:14966: $? = 0
configure:14988: result: yes
configure:14993: checking if g++ supports -c -o file.o
configure:15040: result: yes
configure:15070: checking whether the g++ linker (/usr/bin/ld -m elf_x86_64) supports shared libraries
configure:15110: result: yes
configure:15251: checking dynamic linker characteristics
configure:15996: result: GNU/Linux ld.so
configure:16061: checking how to hardcode library paths into programs
configure:16086: result: immediate
configure:16148: checking whether ln -s works
configure:16152: result: yes
configure:16159: checking whether make sets $(MAKE)
configure:16181: result: yes
configure:16210: g++ -c -std=gnu++0x -Wall -Wno-sign-compare -fPIC  conftest.cpp >&5
configure:16210: $? = 0
configure:16265: checking boost/regex.hpp usability
configure:16265: g++ -c -std=gnu++0x -Wall -Wno-sign-compare -fPIC  conftest.cpp >&5
configure:16265: $? = 0
configure:16265: result: yes
configure:16265: checking boost/regex.hpp presence
configure:16265: g++ -E  conftest.cpp
configure:16265: $? = 0
configure:16265: result: yes
configure:16265: checking for boost/regex.hpp
configure:16265: result: yes
configure:16283: checking boost/regex/icu.hpp usability
configure:16283: g++ -c -std=gnu++0x -Wall -Wno-sign-compare -fPIC  conftest.cpp >&5
configure:16283: $? = 0
configure:16283: result: yes
configure:16283: checking boost/regex/icu.hpp presence
configure:16283: g++ -E  conftest.cpp
configure:16283: $? = 0
configure:16283: result: yes
configure:16283: checking for boost/regex/icu.hpp
configure:16283: result: yes
configure:16303: checking boost/program_options.hpp usability
configure:16303: g++ -c -std=gnu++0x -Wall -Wno-sign-compare -fPIC  conftest.cpp >&5
configure:16303: $? = 0
configure:16303: result: yes
configure:16303: checking boost/program_options.hpp presence
configure:16303: g++ -E  conftest.cpp
configure:16303: $? = 0
configure:16303: result: yes
configure:16303: checking for boost/program_options.hpp
configure:16303: result: yes
configure:16321: checking boost/thread.hpp usability
configure:16321: g++ -c -std=gnu++0x -Wall -Wno-sign-compare -fPIC  conftest.cpp >&5
configure:16321: $? = 0
configure:16321: result: yes
configure:16321: checking boost/thread.hpp presence
configure:16321: g++ -E  conftest.cpp
configure:16321: $? = 0
configure:16321: result: yes
configure:16321: checking for boost/thread.hpp
configure:16321: result: yes
configure:16339: checking boost/thread/mutex.hpp usability
configure:16339: g++ -c -std=gnu++0x -Wall -Wno-sign-compare -fPIC  conftest.cpp >&5
configure:16339: $? = 0
configure:16339: result: yes
configure:16339: checking boost/thread/mutex.hpp presence
configure:16339: g++ -E  conftest.cpp
configure:16339: $? = 0
configure:16339: result: yes
configure:16339: checking for boost/thread/mutex.hpp
configure:16339: result: yes
configure:16357: checking zlib.h usability
configure:16357: g++ -c -std=gnu++0x -Wall -Wno-sign-compare -fPIC  conftest.cpp >&5
configure:16357: $? = 0
configure:16357: result: yes
configure:16357: checking zlib.h presence
configure:16357: g++ -E  conftest.cpp
configure:16357: $? = 0
configure:16357: result: yes
configure:16357: checking for zlib.h
configure:16357: result: yes
configure:16391: g++ -o conftest -std=gnu++0x -Wall -Wno-sign-compare -fPIC   conftest.cpp  >&5
configure:16391: $? = 0
configure:16415: checking for main in -licuuc
configure:16434: g++ -o conftest -std=gnu++0x -Wall -Wno-sign-compare -fPIC   conftest.cpp -licuuc   >&5
configure:16434: $? = 0
configure:16443: result: yes
configure:16457: checking for main in -lboost_regex
configure:16476: g++ -o conftest -std=gnu++0x -Wall -Wno-sign-compare -fPIC   conftest.cpp -lboost_regex   >&5
configure:16476: $? = 0
configure:16485: result: yes
configure:16596: g++ -o conftest -std=gnu++0x -Wall -Wno-sign-compare -fPIC   conftest.cpp   -lboost_regex >&5
configure:16596: $? = 0
configure:16646: checking for main in -lboost_program_options
configure:16665: g++ -o conftest -std=gnu++0x -Wall -Wno-sign-compare -fPIC   conftest.cpp -lboost_program_options   >&5
configure:16665: $? = 0
configure:16674: result: yes
configure:16772: checking for main in -lboost_system
configure:16791: g++ -o conftest -std=gnu++0x -Wall -Wno-sign-compare -fPIC   conftest.cpp -lboost_system   >&5
configure:16791: $? = 0
configure:16800: result: yes
configure:16899: checking for main in -lboost_thread
configure:16918: g++ -o conftest -std=gnu++0x -Wall -Wno-sign-compare -fPIC   conftest.cpp -lboost_thread    -lboost_system >&5
configure:16918: $? = 0
configure:16927: result: yes
configure:17026: checking for main in -lz
configure:17045: g++ -o conftest -std=gnu++0x -Wall -Wno-sign-compare -fPIC   conftest.cpp -lz   >&5
configure:17045: $? = 0
configure:17054: result: yes
configure:17184: checking for stdbool.h that conforms to C99
configure:17251: g++ -c -std=gnu++0x -Wall -Wno-sign-compare -fPIC  conftest.cpp >&5
conftest.cpp:32:15: error: expected unqualified-id before string constant
               "error: bool is not defined"
               ^
conftest.cpp:50:48: error: 's' does not name a type
              struct s { _Bool s: 1; _Bool t; } s;
                                                ^
conftest.cpp:60:28: error: 's' was not declared in this scope
              char i[sizeof s.t];
                            ^
conftest.cpp: In function 'int main()':
conftest.cpp:78:24: error: 's' was not declared in this scope
              bool e = &s;
                        ^
conftest.cpp:82:23: warning: the address of 'a' will always evaluate as 'true' [-Waddress]
              return (!a + !b + !c + !d + !e + !f + !g + !h + !i + !!j + !k + !!l
                       ^
conftest.cpp:82:28: warning: the address of 'b' will always evaluate as 'true' [-Waddress]
              return (!a + !b + !c + !d + !e + !f + !g + !h + !i + !!j + !k + !!l
                            ^
conftest.cpp:82:33: warning: the address of 'c' will always evaluate as 'true' [-Waddress]
              return (!a + !b + !c + !d + !e + !f + !g + !h + !i + !!j + !k + !!l
                                 ^
conftest.cpp:82:38: warning: the address of 'd' will always evaluate as 'true' [-Waddress]
              return (!a + !b + !c + !d + !e + !f + !g + !h + !i + !!j + !k + !!l
                                      ^
conftest.cpp:82:48: warning: the address of 'f' will always evaluate as 'true' [-Waddress]
              return (!a + !b + !c + !d + !e + !f + !g + !h + !i + !!j + !k + !!l
                                                ^
conftest.cpp:82:53: warning: the address of 'g' will always evaluate as 'true' [-Waddress]
              return (!a + !b + !c + !d + !e + !f + !g + !h + !i + !!j + !k + !!l
                                                     ^
conftest.cpp:82:58: warning: the address of 'h' will always evaluate as 'true' [-Waddress]
              return (!a + !b + !c + !d + !e + !f + !g + !h + !i + !!j + !k + !!l
                                                          ^
conftest.cpp:82:63: error: 'i' was not declared in this scope
              return (!a + !b + !c + !d + !e + !f + !g + !h + !i + !!j + !k + !!l
                                                               ^
conftest.cpp:83:30: warning: the address of 'n' will always evaluate as 'true' [-Waddress]
                              ^
conftest.cpp:83:35: warning: the address of 'o' will always evaluate as 'true' [-Waddress]
                                   ^
conftest.cpp:83:40: warning: the address of 'p' will always evaluate as 'true' [-Waddress]
                                        ^
configure:17251: $? = 1
configure: failed program was:
| /* confdefs.h */
| #define PACKAGE_NAME "FreeLing"
| #define PACKAGE_TARNAME "freeling"
| #define PACKAGE_VERSION "4.0"
| #define PACKAGE_STRING "FreeLing 4.0"
| #define PACKAGE_BUGREPORT ""
| #define PACKAGE_URL ""
| #define PACKAGE "freeling"
| #define VERSION "4.0"
| #define STDC_HEADERS 1
| #define HAVE_SYS_TYPES_H 1
| #define HAVE_SYS_STAT_H 1
| #define HAVE_STDLIB_H 1
| #define HAVE_STRING_H 1
| #define HAVE_MEMORY_H 1
| #define HAVE_STRINGS_H 1
| #define HAVE_INTTYPES_H 1
| #define HAVE_STDINT_H 1
| #define HAVE_UNISTD_H 1
| #define HAVE_DLFCN_H 1
| #define LT_OBJDIR ".libs/"
| #define HAVE_BOOST_REGEX_HPP 1
| #define HAVE_BOOST_REGEX_ICU_HPP 1
| #define HAVE_BOOST_PROGRAM_OPTIONS_HPP 1
| #define HAVE_BOOST_THREAD_HPP 1
| #define HAVE_BOOST_THREAD_MUTEX_HPP 1
| #define HAVE_ZLIB_H 1
| /* end confdefs.h.  */
| 
|              #include <stdbool.h>
|              #ifndef bool
|               "error: bool is not defined"
|              #endif
|              #ifndef false
|               "error: false is not defined"
|              #endif
|              #if false
|               "error: false is not 0"
|              #endif
|              #ifndef true
|               "error: true is not defined"
|              #endif
|              #if true != 1
|               "error: true is not 1"
|              #endif
|              #ifndef __bool_true_false_are_defined
|               "error: __bool_true_false_are_defined is not defined"
|              #endif
| 
|              struct s { _Bool s: 1; _Bool t; } s;
| 
|              char a[true == 1 ? 1 : -1];
|              char b[false == 0 ? 1 : -1];
|              char c[__bool_true_false_are_defined == 1 ? 1 : -1];
|              char d[(bool) 0.5 == true ? 1 : -1];
|              /* See body of main program for 'e'.  */
|              char f[(_Bool) 0.0 == false ? 1 : -1];
|              char g[true];
|              char h[sizeof (_Bool)];
|              char i[sizeof s.t];
|              enum { j = false, k = true, l = false * true, m = true * 256 };
|              /* The following fails for
|                 HP aC++/ANSI C B3910B A.05.55 [Dec 04 2003]. */
|              _Bool n[m];
|              char o[sizeof n == m * sizeof n[0] ? 1 : -1];
|              char p[-1 - (_Bool) 0 < 0 && -1 - (bool) 0 < 0 ? 1 : -1];
|              /* Catch a bug in an HP-UX C compiler.  See
|                 http://gcc.gnu.org/ml/gcc-patches/2003-12/msg02303.html
|                 http://lists.gnu.org/archive/html/bug-coreutils/2005-11/msg00161.html
|               */
|              _Bool q = true;
|              _Bool *pq = &q;
| 
| int
| main ()
| {
| 
|              bool e = &s;
|              *pq |= q;
|              *pq |= ! q;
|              /* Refer to every declared value, to avoid compiler optimizations.  */
|              return (!a + !b + !c + !d + !e + !f + !g + !h + !i + !!j + !k + !!l
|                      + !m + !n + !o + !p + !q + !pq);
| 
|   ;
|   return 0;
| }
configure:17258: result: no
configure:17260: checking for _Bool
configure:17260: g++ -c -std=gnu++0x -Wall -Wno-sign-compare -fPIC  conftest.cpp >&5
conftest.cpp: In function 'int main()':
conftest.cpp:65:13: error: '_Bool' was not declared in this scope
 if (sizeof (_Bool))
             ^
configure:17260: $? = 1
configure: failed program was:
| /* confdefs.h */
| #define PACKAGE_NAME "FreeLing"
| #define PACKAGE_TARNAME "freeling"
| #define PACKAGE_VERSION "4.0"
| #define PACKAGE_STRING "FreeLing 4.0"
| #define PACKAGE_BUGREPORT ""
| #define PACKAGE_URL ""
| #define PACKAGE "freeling"
| #define VERSION "4.0"
| #define STDC_HEADERS 1
| #define HAVE_SYS_TYPES_H 1
| #define HAVE_SYS_STAT_H 1
| #define HAVE_STDLIB_H 1
| #define HAVE_STRING_H 1
| #define HAVE_MEMORY_H 1
| #define HAVE_STRINGS_H 1
| #define HAVE_INTTYPES_H 1
| #define HAVE_STDINT_H 1
| #define HAVE_UNISTD_H 1
| #define HAVE_DLFCN_H 1
| #define LT_OBJDIR ".libs/"
| #define HAVE_BOOST_REGEX_HPP 1
| #define HAVE_BOOST_REGEX_ICU_HPP 1
| #define HAVE_BOOST_PROGRAM_OPTIONS_HPP 1
| #define HAVE_BOOST_THREAD_HPP 1
| #define HAVE_BOOST_THREAD_MUTEX_HPP 1
| #define HAVE_ZLIB_H 1
| /* end confdefs.h.  */
| #include <stdio.h>
| #ifdef HAVE_SYS_TYPES_H
| # include <sys/types.h>
| #endif
| #ifdef HAVE_SYS_STAT_H
| # include <sys/stat.h>
| #endif
| #ifdef STDC_HEADERS
| # include <stdlib.h>
| # include <stddef.h>
| #else
| # ifdef HAVE_STDLIB_H
| #  include <stdlib.h>
| # endif
| #endif
| #ifdef HAVE_STRING_H
| # if !defined STDC_HEADERS && defined HAVE_MEMORY_H
| #  include <memory.h>
| # endif
| # include <string.h>
| #endif
| #ifdef HAVE_STRINGS_H
| # include <strings.h>
| #endif
| #ifdef HAVE_INTTYPES_H
| # include <inttypes.h>
| #endif
| #ifdef HAVE_STDINT_H
| # include <stdint.h>
| #endif
| #ifdef HAVE_UNISTD_H
| # include <unistd.h>
| #endif
| int
| main ()
| {
| if (sizeof (_Bool))
| 	 return 0;
|   ;
|   return 0;
| }
configure:17260: result: no
configure:17277: checking for an ANSI C-conforming const
configure:17343: g++ -c -std=gnu++0x -Wall -Wno-sign-compare -fPIC  conftest.cpp >&5
configure:17343: $? = 0
configure:17350: result: yes
configure:17358: checking for inline
configure:17374: g++ -c -std=gnu++0x -Wall -Wno-sign-compare -fPIC  conftest.cpp >&5
configure:17374: $? = 0
configure:17382: result: inline
configure:17400: checking for size_t
configure:17400: g++ -c -std=gnu++0x -Wall -Wno-sign-compare -fPIC  conftest.cpp >&5
configure:17400: $? = 0
configure:17400: g++ -c -std=gnu++0x -Wall -Wno-sign-compare -fPIC  conftest.cpp >&5
conftest.cpp: In function 'int main()':
conftest.cpp:65:20: error: expected primary-expression before ')' token
 if (sizeof ((size_t)))
                    ^
configure:17400: $? = 1
configure: failed program was:
| /* confdefs.h */
| #define PACKAGE_NAME "FreeLing"
| #define PACKAGE_TARNAME "freeling"
| #define PACKAGE_VERSION "4.0"
| #define PACKAGE_STRING "FreeLing 4.0"
| #define PACKAGE_BUGREPORT ""
| #define PACKAGE_URL ""
| #define PACKAGE "freeling"
| #define VERSION "4.0"
| #define STDC_HEADERS 1
| #define HAVE_SYS_TYPES_H 1
| #define HAVE_SYS_STAT_H 1
| #define HAVE_STDLIB_H 1
| #define HAVE_STRING_H 1
| #define HAVE_MEMORY_H 1
| #define HAVE_STRINGS_H 1
| #define HAVE_INTTYPES_H 1
| #define HAVE_STDINT_H 1
| #define HAVE_UNISTD_H 1
| #define HAVE_DLFCN_H 1
| #define LT_OBJDIR ".libs/"
| #define HAVE_BOOST_REGEX_HPP 1
| #define HAVE_BOOST_REGEX_ICU_HPP 1
| #define HAVE_BOOST_PROGRAM_OPTIONS_HPP 1
| #define HAVE_BOOST_THREAD_HPP 1
| #define HAVE_BOOST_THREAD_MUTEX_HPP 1
| #define HAVE_ZLIB_H 1
| /* end confdefs.h.  */
| #include <stdio.h>
| #ifdef HAVE_SYS_TYPES_H
| # include <sys/types.h>
| #endif
| #ifdef HAVE_SYS_STAT_H
| # include <sys/stat.h>
| #endif
| #ifdef STDC_HEADERS
| # include <stdlib.h>
| # include <stddef.h>
| #else
| # ifdef HAVE_STDLIB_H
| #  include <stdlib.h>
| # endif
| #endif
| #ifdef HAVE_STRING_H
| # if !defined STDC_HEADERS && defined HAVE_MEMORY_H
| #  include <memory.h>
| # endif
| # include <string.h>
| #endif
| #ifdef HAVE_STRINGS_H
| # include <strings.h>
| #endif
| #ifdef HAVE_INTTYPES_H
| # include <inttypes.h>
| #endif
| #ifdef HAVE_STDINT_H
| # include <stdint.h>
| #endif
| #ifdef HAVE_UNISTD_H
| # include <unistd.h>
| #endif
| int
| main ()
| {
| if (sizeof ((size_t)))
| 	    return 0;
|   ;
|   return 0;
| }
configure:17400: result: yes
configure:17411: checking for ANSI C header files
configure:17515: result: yes
configure:17675: checking that generated files are newer than configure
configure:17681: result: done
configure:17812: creating ./config.status

## ---------------------- ##
## Running config.status. ##
## ---------------------- ##

This file was extended by FreeLing config.status 4.0, which was
generated by GNU Autoconf 2.69.  Invocation command line was

  CONFIG_FILES    = 
  CONFIG_HEADERS  = 
  CONFIG_LINKS    = 
  CONFIG_COMMANDS = 
  $ ./config.status 

on xavier-VirtualBox

config.status:1104: creating Makefile
config.status:1104: creating data/Makefile
config.status:1104: creating src/Makefile
config.status:1104: creating src/include/Makefile
config.status:1104: creating src/libfreeling/Makefile
config.status:1104: creating src/libasr/Makefile
config.status:1104: creating src/libfoma/Makefile
config.status:1104: creating src/libtreeler/Makefile
config.status:1104: creating src/libtreeler/main/Makefile
config.status:1104: creating src/main/Makefile
config.status:1104: creating src/utilities/Makefile
config.status:1104: creating src/tests/Makefile
config.status:1104: creating freeling.pc
config.status:1276: executing depfiles commands
config.status:1276: executing libtool commands

## ---------------- ##
## Cache variables. ##
## ---------------- ##

ac_cv_build=x86_64-unknown-linux-gnu
ac_cv_c_compiler_gnu=yes
ac_cv_c_const=yes
ac_cv_c_inline=inline
ac_cv_cxx_compiler_gnu=yes
ac_cv_env_CCC_set=
ac_cv_env_CCC_value=
ac_cv_env_CC_set=
ac_cv_env_CC_value=
ac_cv_env_CFLAGS_set=
ac_cv_env_CFLAGS_value=
ac_cv_env_CPPFLAGS_set=
ac_cv_env_CPPFLAGS_value=
ac_cv_env_CPP_set=
ac_cv_env_CPP_value=
ac_cv_env_CXXCPP_set=
ac_cv_env_CXXCPP_value=
ac_cv_env_CXXFLAGS_set=
ac_cv_env_CXXFLAGS_value=
ac_cv_env_CXX_set=
ac_cv_env_CXX_value=
ac_cv_env_LDFLAGS_set=
ac_cv_env_LDFLAGS_value=
ac_cv_env_LIBS_set=
ac_cv_env_LIBS_value=
ac_cv_env_LT_SYS_LIBRARY_PATH_set=
ac_cv_env_LT_SYS_LIBRARY_PATH_value=
ac_cv_env_build_alias_set=
ac_cv_env_build_alias_value=
ac_cv_env_host_alias_set=
ac_cv_env_host_alias_value=
ac_cv_env_target_alias_set=
ac_cv_env_target_alias_value=
ac_cv_header_boost_program_options_hpp=yes
ac_cv_header_boost_regex_hpp=yes
ac_cv_header_boost_regex_icu_hpp=yes
ac_cv_header_boost_thread_hpp=yes
ac_cv_header_boost_thread_mutex_hpp=yes
ac_cv_header_dlfcn_h=yes
ac_cv_header_inttypes_h=yes
ac_cv_header_memory_h=yes
ac_cv_header_stdbool_h=no
ac_cv_header_stdc=yes
ac_cv_header_stdint_h=yes
ac_cv_header_stdlib_h=yes
ac_cv_header_string_h=yes
ac_cv_header_strings_h=yes
ac_cv_header_sys_stat_h=yes
ac_cv_header_sys_types_h=yes
ac_cv_header_unistd_h=yes
ac_cv_header_zlib_h=yes
ac_cv_host=x86_64-unknown-linux-gnu
ac_cv_lib_boost_program_options_main=yes
ac_cv_lib_boost_regex_main=yes
ac_cv_lib_boost_system_main=yes
ac_cv_lib_boost_thread_main=yes
ac_cv_lib_icuuc_main=yes
ac_cv_lib_z_main=yes
ac_cv_objext=o
ac_cv_path_EGREP='/bin/grep -E'
ac_cv_path_FGREP='/bin/grep -F'
ac_cv_path_GREP=/bin/grep
ac_cv_path_SED=/bin/sed
ac_cv_path_install='/usr/bin/install -c'
ac_cv_path_lt_DD=/bin/dd
ac_cv_path_mkdir=/bin/mkdir
ac_cv_prog_AWK=mawk
ac_cv_prog_CPP='gcc -E'
ac_cv_prog_CXXCPP='g++ -E'
ac_cv_prog_ac_ct_AR=ar
ac_cv_prog_ac_ct_CC=gcc
ac_cv_prog_ac_ct_CXX=g++
ac_cv_prog_ac_ct_MANIFEST_TOOL=mt
ac_cv_prog_ac_ct_OBJDUMP=objdump
ac_cv_prog_ac_ct_RANLIB=ranlib
ac_cv_prog_ac_ct_STRIP=strip
ac_cv_prog_cc_c89=
ac_cv_prog_cc_g=yes
ac_cv_prog_cxx_g=yes
ac_cv_prog_make_make_set=yes
ac_cv_type__Bool=no
ac_cv_type_size_t=yes
am_cv_CC_dependencies_compiler_type=gcc3
am_cv_CXX_dependencies_compiler_type=gcc3
am_cv_make_support_nested_variables=yes
am_cv_prog_cc_c_o=yes
lt_cv_ar_at_file=@
lt_cv_archive_cmds_need_lc=no
lt_cv_deplibs_check_method=pass_all
lt_cv_file_magic_cmd='$MAGIC_CMD'
lt_cv_file_magic_test_file=
lt_cv_ld_reload_flag=-r
lt_cv_nm_interface='BSD nm'
lt_cv_objdir=.libs
lt_cv_path_LD=/usr/bin/ld
lt_cv_path_LDCXX='/usr/bin/ld -m elf_x86_64'
lt_cv_path_NM='/usr/bin/nm -B'
lt_cv_path_mainfest_tool=no
lt_cv_prog_compiler_c_o=yes
lt_cv_prog_compiler_c_o_CXX=yes
lt_cv_prog_compiler_pic='-fPIC -DPIC'
lt_cv_prog_compiler_pic_CXX='-fPIC -DPIC'
lt_cv_prog_compiler_pic_works=yes
lt_cv_prog_compiler_pic_works_CXX=yes
lt_cv_prog_compiler_rtti_exceptions=no
lt_cv_prog_compiler_static_works=yes
lt_cv_prog_compiler_static_works_CXX=yes
lt_cv_prog_gnu_ld=yes
lt_cv_prog_gnu_ldcxx=yes
lt_cv_sharedlib_from_linklib_cmd='printf %s\n'
lt_cv_shlibpath_overrides_runpath=no
lt_cv_sys_global_symbol_pipe='sed -n -e '\''s/^.*[	 ]\([ABCDGIRSTW][ABCDGIRSTW]*\)[	 ][	 ]*\([_A-Za-z][_A-Za-z0-9]*\)$/\1 \2 \2/p'\'' | sed '\''/ __gnu_lto/d'\'''
lt_cv_sys_global_symbol_to_c_name_address='sed -n -e '\''s/^: \(.*\) .*$/  {"\1", (void *) 0},/p'\'' -e '\''s/^[ABCDGIRSTW][ABCDGIRSTW]* .* \(.*\)$/  {"\1", (void *) \&\1},/p'\'''
lt_cv_sys_global_symbol_to_c_name_address_lib_prefix='sed -n -e '\''s/^: \(.*\) .*$/  {"\1", (void *) 0},/p'\'' -e '\''s/^[ABCDGIRSTW][ABCDGIRSTW]* .* \(lib.*\)$/  {"\1", (void *) \&\1},/p'\'' -e '\''s/^[ABCDGIRSTW][ABCDGIRSTW]* .* \(.*\)$/  {"lib\1", (void *) \&\1},/p'\'''
lt_cv_sys_global_symbol_to_cdecl='sed -n -e '\''s/^T .* \(.*\)$/extern int \1();/p'\'' -e '\''s/^[ABCDGIRSTW][ABCDGIRSTW]* .* \(.*\)$/extern char \1;/p'\'''
lt_cv_sys_global_symbol_to_import=
lt_cv_sys_max_cmd_len=1572864
lt_cv_to_host_file_cmd=func_convert_file_noop
lt_cv_to_tool_file_cmd=func_convert_file_noop
lt_cv_truncate_bin='/bin/dd bs=4096 count=1'

## ----------------- ##
## Output variables. ##
## ----------------- ##

ACLOCAL='${SHELL} /home/xavier/FreeLing/missing aclocal-1.15'
AMDEPBACKSLASH='\'
AMDEP_FALSE='#'
AMDEP_TRUE=''
AMTAR='$${TAR-tar}'
AM_BACKSLASH='\'
AM_DEFAULT_V='$(AM_DEFAULT_VERBOSITY)'
AM_DEFAULT_VERBOSITY='1'
AM_V='$(V)'
AR='ar'
AUTOCONF='${SHELL} /home/xavier/FreeLing/missing autoconf'
AUTOHEADER='${SHELL} /home/xavier/FreeLing/missing autoheader'
AUTOMAKE='${SHELL} /home/xavier/FreeLing/missing automake-1.15'
AWK='mawk'
BOOST_GCC_FALSE=''
BOOST_GCC_TRUE='#'
BOOST_MT_FALSE=''
BOOST_MT_TRUE='#'
BOOST_OLD_FALSE=''
BOOST_OLD_TRUE='#'
BUILD_TESTS_FALSE=''
BUILD_TESTS_TRUE='#'
CC='gcc'
CCDEPMODE='depmode=gcc3'
CFLAGS='-Wall -Wno-sign-compare'
CPP='gcc -E'
CPPFLAGS=''
CXX='g++'
CXXCPP='g++ -E'
CXXDEPMODE='depmode=gcc3'
CXXFLAGS='-std=gnu++0x -Wall -Wno-sign-compare -fPIC'
CYGPATH_W='echo'
DEBUG_FALSE=''
DEBUG_TRUE='#'
DEFS='-DPACKAGE_NAME=\"FreeLing\" -DPACKAGE_TARNAME=\"freeling\" -DPACKAGE_VERSION=\"4.0\" -DPACKAGE_STRING=\"FreeLing\ 4.0\" -DPACKAGE_BUGREPORT=\"\" -DPACKAGE_URL=\"\" -DPACKAGE=\"freeling\" -DVERSION=\"4.0\" -DSTDC_HEADERS=1 -DHAVE_SYS_TYPES_H=1 -DHAVE_SYS_STAT_H=1 -DHAVE_STDLIB_H=1 -DHAVE_STRING_H=1 -DHAVE_MEMORY_H=1 -DHAVE_STRINGS_H=1 -DHAVE_INTTYPES_H=1 -DHAVE_STDINT_H=1 -DHAVE_UNISTD_H=1 -DHAVE_DLFCN_H=1 -DLT_OBJDIR=\".libs/\" -DHAVE_BOOST_REGEX_HPP=1 -DHAVE_BOOST_REGEX_ICU_HPP=1 -DHAVE_BOOST_PROGRAM_OPTIONS_HPP=1 -DHAVE_BOOST_THREAD_HPP=1 -DHAVE_BOOST_THREAD_MUTEX_HPP=1 -DHAVE_ZLIB_H=1 -DSTDC_HEADERS=1'
DEPDIR='.deps'
DLLTOOL='false'
DSYMUTIL=''
DUMPBIN=''
ECHO_C=''
ECHO_N='-n'
ECHO_T=''
EGREP='/bin/grep -E'
EXEEXT=''
FGREP='/bin/grep -F'
GET_EMBEDDINGS_FALSE=''
GET_EMBEDDINGS_TRUE='#'
GREP='/bin/grep'
INSTALL_DATA='${INSTALL} -m 644'
INSTALL_PROGRAM='${INSTALL}'
INSTALL_SCRIPT='${INSTALL}'
INSTALL_STRIP_PROGRAM='$(install_sh) -c -s'
KALDI_FALSE=''
KALDI_ROOT=''
KALDI_TRUE='#'
LD='/usr/bin/ld -m elf_x86_64'
LDFLAGS=''
LIBOBJS=''
LIBS=''
LIBTOOL='$(SHELL) $(top_builddir)/libtool'
LIPO=''
LN_S='ln -s'
LTLIBOBJS=''
LT_SYS_LIBRARY_PATH=''
MAKEINFO='${SHELL} /home/xavier/FreeLing/missing makeinfo'
MANIFEST_TOOL=':'
MKDIR_P='/bin/mkdir -p'
NM='/usr/bin/nm -B'
NMEDIT=''
NO_WARNINGS_FALSE=''
NO_WARNINGS_TRUE='#'
OBJDUMP='objdump'
OBJEXT='o'
OTOOL64=''
OTOOL=''
PACKAGE='freeling'
PACKAGE_BUGREPORT=''
PACKAGE_NAME='FreeLing'
PACKAGE_STRING='FreeLing 4.0'
PACKAGE_TARNAME='freeling'
PACKAGE_URL=''
PACKAGE_VERSION='4.0'
PATH_SEPARATOR=':'
RANLIB='ranlib'
SED='/bin/sed'
SET_MAKE=''
SHELL='/bin/bash'
STRIP='strip'
USE_XPRESSIVE_REGEX_FALSE=''
USE_XPRESSIVE_REGEX_TRUE='#'
VERBOSE_FALSE=''
VERBOSE_TRUE='#'
VERSION='4.0'
ac_ct_AR='ar'
ac_ct_CC='gcc'
ac_ct_CXX='g++'
ac_ct_DUMPBIN=''
am__EXEEXT_FALSE=''
am__EXEEXT_TRUE='#'
am__fastdepCC_FALSE='#'
am__fastdepCC_TRUE=''
am__fastdepCXX_FALSE='#'
am__fastdepCXX_TRUE=''
am__include='include'
am__isrc=''
am__leading_dot='.'
am__nodep='_no'
am__quote=''
am__tar='$${TAR-tar} chof - "$$tardir"'
am__untar='$${TAR-tar} xf -'
bindir='${exec_prefix}/bin'
build='x86_64-unknown-linux-gnu'
build_alias=''
build_cpu='x86_64'
build_os='linux-gnu'
build_vendor='unknown'
datadir='${datarootdir}'
datarootdir='${prefix}/share'
docdir='${datarootdir}/doc/${PACKAGE_TARNAME}'
dvidir='${docdir}'
exec_prefix='${prefix}'
host='x86_64-unknown-linux-gnu'
host_alias=''
host_cpu='x86_64'
host_os='linux-gnu'
host_vendor='unknown'
htmldir='${docdir}'
includedir='${prefix}/include'
infodir='${datarootdir}/info'
install_sh='${SHELL} /home/xavier/FreeLing/install-sh'
libdir='${exec_prefix}/lib'
libexecdir='${exec_prefix}/libexec'
localedir='${datarootdir}/locale'
localstatedir='${prefix}/var'
mandir='${datarootdir}/man'
mkdir_p='$(MKDIR_P)'
oldincludedir='/usr/include'
pdfdir='${docdir}'
prefix='/usr/local'
program_transform_name='s,x,x,'
psdir='${docdir}'
runstatedir='${localstatedir}/run'
sbindir='${exec_prefix}/sbin'
sharedstatedir='${prefix}/com'
sysconfdir='${prefix}/etc'
target_alias=''

## ----------- ##
## confdefs.h. ##
## ----------- ##

/* confdefs.h */
#define PACKAGE_NAME "FreeLing"
#define PACKAGE_TARNAME "freeling"
#define PACKAGE_VERSION "4.0"
#define PACKAGE_STRING "FreeLing 4.0"
#define PACKAGE_BUGREPORT ""
#define PACKAGE_URL ""
#define PACKAGE "freeling"
#define VERSION "4.0"
#define STDC_HEADERS 1
#define HAVE_SYS_TYPES_H 1
#define HAVE_SYS_STAT_H 1
#define HAVE_STDLIB_H 1
#define HAVE_STRING_H 1
#define HAVE_MEMORY_H 1
#define HAVE_STRINGS_H 1
#define HAVE_INTTYPES_H 1
#define HAVE_STDINT_H 1
#define HAVE_UNISTD_H 1
#define HAVE_DLFCN_H 1
#define LT_OBJDIR ".libs/"
#define HAVE_BOOST_REGEX_HPP 1
#define HAVE_BOOST_REGEX_ICU_HPP 1
#define HAVE_BOOST_PROGRAM_OPTIONS_HPP 1
#define HAVE_BOOST_THREAD_HPP 1
#define HAVE_BOOST_THREAD_MUTEX_HPP 1
#define HAVE_ZLIB_H 1
#define STDC_HEADERS 1

configure: exit 0
